# JRE version: Java(TM) SE Runtime Environment (8.0_74-b02) (build 1.8.0_74-b02)
# Java VM: Java HotSpot(TM) 64-Bit Server VM (25.74-b02 mixed mode bsd-amd64 compressed oops)
Heap:
 PSYoungGen      total 33792K, used 1427K [0x00000007b0000000, 0x00000007b7d80000, 0x00000007c0000000)
  eden space 33280K, 4% used [0x00000007b0000000,0x00000007b014cd90,0x00000007b2080000)
  from space 512K, 18% used [0x00000007b7c80000,0x00000007b7c98000,0x00000007b7d00000)
  to   space 512K, 0% used [0x00000007b7d00000,0x00000007b7d00000,0x00000007b7d80000)
 ParOldGen       total 87552K, used 23698K [0x0000000790000000, 0x0000000795580000, 0x00000007b0000000)
  object space 87552K, 27% used [0x0000000790000000,0x0000000791724828,0x0000000795580000)
 Metaspace       used 9534K, capacity 10118K, committed 10496K, reserved 1058816K
  class space    used 1426K, capacity 1457K, committed 1536K, reserved 1048576K
GC Heap History (10 events):
Event: 2272.292 GC heap before
{Heap before GC invocations=437 (full 0):
 PSYoungGen      total 36352K, used 35904K [0x00000007b0000000, 0x00000007b7d80000, 0x00000007c0000000)
  eden space 35840K, 100% used [0x00000007b0000000,0x00000007b2300000,0x00000007b2300000)
  from space 512K, 12% used [0x00000007b7d00000,0x00000007b7d10000,0x00000007b7d80000)
  to   space 512K, 0% used [0x00000007b7c80000,0x00000007b7c80000,0x00000007b7d00000)
 ParOldGen       total 87552K, used 23698K [0x0000000790000000, 0x0000000795580000, 0x00000007b0000000)
  object space 87552K, 27% used [0x0000000790000000,0x0000000791724828,0x0000000795580000)
 Metaspace       used 9534K, capacity 10118K, committed 10496K, reserved 1058816K
  class space    used 1426K, capacity 1457K, committed 1536K, reserved 1048576K
Event: 2272.293 GC heap after
Heap after GC invocations=437 (full 0):
 PSYoungGen      total 35840K, used 96K [0x00000007b0000000, 0x00000007b7d80000, 0x00000007c0000000)
  eden space 35328K, 0% used [0x00000007b0000000,0x00000007b0000000,0x00000007b2280000)
  from space 512K, 18% used [0x00000007b7c80000,0x00000007b7c98000,0x00000007b7d00000)
  to   space 512K, 0% used [0x00000007b7d00000,0x00000007b7d00000,0x00000007b7d80000)
 ParOldGen       total 87552K, used 23698K [0x0000000790000000, 0x0000000795580000, 0x00000007b0000000)
  object space 87552K, 27% used [0x0000000790000000,0x0000000791724828,0x0000000795580000)
 Metaspace       used 9534K, capacity 10118K, committed 10496K, reserved 1058816K
  class space    used 1426K, capacity 1457K, committed 1536K, reserved 1048576K
}
Event: 2272.357 GC heap before
{Heap before GC invocations=438 (full 0):
 PSYoungGen      total 35840K, used 35424K [0x00000007b0000000, 0x00000007b7d80000, 0x00000007c0000000)
  eden space 35328K, 100% used [0x00000007b0000000,0x00000007b2280000,0x00000007b2280000)
  from space 512K, 18% used [0x00000007b7c80000,0x00000007b7c98000,0x00000007b7d00000)
  to   space 512K, 0% used [0x00000007b7d00000,0x00000007b7d00000,0x00000007b7d80000)
 ParOldGen       total 87552K, used 23698K [0x0000000790000000, 0x0000000795580000, 0x00000007b0000000)
  object space 87552K, 27% used [0x0000000790000000,0x0000000791724828,0x0000000795580000)
 Metaspace       used 9534K, capacity 10118K, committed 10496K, reserved 1058816K
  class space    used 1426K, capacity 1457K, committed 1536K, reserved 1048576K
Event: 2272.357 GC heap after
Heap after GC invocations=438 (full 0):
 PSYoungGen      total 35328K, used 64K [0x00000007b0000000, 0x00000007b7d80000, 0x00000007c0000000)
  eden space 34816K, 0% used [0x00000007b0000000,0x00000007b0000000,0x00000007b2200000)
  from space 512K, 12% used [0x00000007b7d00000,0x00000007b7d10000,0x00000007b7d80000)
  to   space 512K, 0% used [0x00000007b7c80000,0x00000007b7c80000,0x00000007b7d00000)
 ParOldGen       total 87552K, used 23698K [0x0000000790000000, 0x0000000795580000, 0x00000007b0000000)
  object space 87552K, 27% used [0x0000000790000000,0x0000000791724828,0x0000000795580000)
 Metaspace       used 9534K, capacity 10118K, committed 10496K, reserved 1058816K
  class space    used 1426K, capacity 1457K, committed 1536K, reserved 1048576K
}
Event: 2272.422 GC heap before
{Heap before GC invocations=439 (full 0):
 PSYoungGen      total 35328K, used 34880K [0x00000007b0000000, 0x00000007b7d80000, 0x00000007c0000000)
  eden space 34816K, 100% used [0x00000007b0000000,0x00000007b2200000,0x00000007b2200000)
  from space 512K, 12% used [0x00000007b7d00000,0x00000007b7d10000,0x00000007b7d80000)
  to   space 512K, 0% used [0x00000007b7c80000,0x00000007b7c80000,0x00000007b7d00000)
 ParOldGen       total 87552K, used 23698K [0x0000000790000000, 0x0000000795580000, 0x00000007b0000000)
  object space 87552K, 27% used [0x0000000790000000,0x0000000791724828,0x0000000795580000)
 Metaspace       used 9534K, capacity 10118K, committed 10496K, reserved 1058816K
  class space    used 1426K, capacity 1457K, committed 1536K, reserved 1048576K
Event: 2272.423 GC heap after
Heap after GC invocations=439 (full 0):
 PSYoungGen      total 34816K, used 96K [0x00000007b0000000, 0x00000007b7d80000, 0x00000007c0000000)
  eden space 34304K, 0% used [0x00000007b0000000,0x00000007b0000000,0x00000007b2180000)
  from space 512K, 18% used [0x00000007b7c80000,0x00000007b7c98000,0x00000007b7d00000)
  to   space 512K, 0% used [0x00000007b7d00000,0x00000007b7d00000,0x00000007b7d80000)
 ParOldGen       total 87552K, used 23698K [0x0000000790000000, 0x0000000795580000, 0x00000007b0000000)
  object space 87552K, 27% used [0x0000000790000000,0x0000000791724828,0x0000000795580000)
 Metaspace       used 9534K, capacity 10118K, committed 10496K, reserved 1058816K
  class space    used 1426K, capacity 1457K, committed 1536K, reserved 1048576K
}
Event: 2272.488 GC heap before
{Heap before GC invocations=440 (full 0):
 PSYoungGen      total 34816K, used 34400K [0x00000007b0000000, 0x00000007b7d80000, 0x00000007c0000000)
  eden space 34304K, 100% used [0x00000007b0000000,0x00000007b2180000,0x00000007b2180000)
  from space 512K, 18% used [0x00000007b7c80000,0x00000007b7c98000,0x00000007b7d00000)
  to   space 512K, 0% used [0x00000007b7d00000,0x00000007b7d00000,0x00000007b7d80000)
 ParOldGen       total 87552K, used 23698K [0x0000000790000000, 0x0000000795580000, 0x00000007b0000000)
  object space 87552K, 27% used [0x0000000790000000,0x0000000791724828,0x0000000795580000)
 Metaspace       used 9534K, capacity 10118K, committed 10496K, reserved 1058816K
  class space    used 1426K, capacity 1457K, committed 1536K, reserved 1048576K
Event: 2272.488 GC heap after
Heap after GC invocations=440 (full 0):
 PSYoungGen      total 34304K, used 64K [0x00000007b0000000, 0x00000007b7d80000, 0x00000007c0000000)
  eden space 33792K, 0% used [0x00000007b0000000,0x00000007b0000000,0x00000007b2100000)
  from space 512K, 12% used [0x00000007b7d00000,0x00000007b7d10000,0x00000007b7d80000)
  to   space 512K, 0% used [0x00000007b7c80000,0x00000007b7c80000,0x00000007b7d00000)
 ParOldGen       total 87552K, used 23698K [0x0000000790000000, 0x0000000795580000, 0x00000007b0000000)
  object space 87552K, 27% used [0x0000000790000000,0x0000000791724828,0x0000000795580000)
 Metaspace       used 9534K, capacity 10118K, committed 10496K, reserved 1058816K
  class space    used 1426K, capacity 1457K, committed 1536K, reserved 1048576K
}
Event: 2272.547 GC heap before
{Heap before GC invocations=441 (full 0):
 PSYoungGen      total 34304K, used 33856K [0x00000007b0000000, 0x00000007b7d80000, 0x00000007c0000000)
  eden space 33792K, 100% used [0x00000007b0000000,0x00000007b2100000,0x00000007b2100000)
  from space 512K, 12% used [0x00000007b7d00000,0x00000007b7d10000,0x00000007b7d80000)
  to   space 512K, 0% used [0x00000007b7c80000,0x00000007b7c80000,0x00000007b7d00000)
 ParOldGen       total 87552K, used 23698K [0x0000000790000000, 0x0000000795580000, 0x00000007b0000000)
  object space 87552K, 27% used [0x0000000790000000,0x0000000791724828,0x0000000795580000)
 Metaspace       used 9534K, capacity 10118K, committed 10496K, reserved 1058816K
  class space    used 1426K, capacity 1457K, committed 1536K, reserved 1048576K
Event: 2272.547 GC heap after
Heap after GC invocations=441 (full 0):
 PSYoungGen      total 33792K, used 96K [0x00000007b0000000, 0x00000007b7d80000, 0x00000007c0000000)
  eden space 33280K, 0% used [0x00000007b0000000,0x00000007b0000000,0x00000007b2080000)
  from space 512K, 18% used [0x00000007b7c80000,0x00000007b7c98000,0x00000007b7d00000)
  to   space 512K, 0% used [0x00000007b7d00000,0x00000007b7d00000,0x00000007b7d80000)
 ParOldGen       total 87552K, used 23698K [0x0000000790000000, 0x0000000795580000, 0x00000007b0000000)
  object space 87552K, 27% used [0x0000000790000000,0x0000000791724828,0x0000000795580000)
 Metaspace       used 9534K, capacity 10118K, committed 10496K, reserved 1058816K
  class space    used 1426K, capacity 1457K, committed 1536K, reserved 1048576K
}

