# JRE version: Java(TM) SE Runtime Environment (8.0_74-b02) (build 1.8.0_74-b02)
# Java VM: Java HotSpot(TM) 64-Bit Server VM (25.74-b02 mixed mode bsd-amd64 compressed oops)
Heap:
 PSYoungGen      total 79360K, used 66295K [0x00000007b0000000, 0x00000007b7f00000, 0x00000007c0000000)
  eden space 78848K, 83% used [0x00000007b0000000,0x00000007b40adec8,0x00000007b4d00000)
  from space 512K, 12% used [0x00000007b7e80000,0x00000007b7e90000,0x00000007b7f00000)
  to   space 512K, 0% used [0x00000007b7e00000,0x00000007b7e00000,0x00000007b7e80000)
 ParOldGen       total 87552K, used 23103K [0x0000000790000000, 0x0000000795580000, 0x00000007b0000000)
  object space 87552K, 26% used [0x0000000790000000,0x000000079168fe80,0x0000000795580000)
 Metaspace       used 9531K, capacity 10118K, committed 10496K, reserved 1058816K
  class space    used 1426K, capacity 1457K, committed 1536K, reserved 1048576K
GC Heap History (10 events):
Event: 20900.555 GC heap before
{Heap before GC invocations=504 (full 0):
 PSYoungGen      total 38912K, used 38464K [0x00000007b0000000, 0x00000007b7f00000, 0x00000007c0000000)
  eden space 38400K, 100% used [0x00000007b0000000,0x00000007b2580000,0x00000007b2580000)
  from space 512K, 12% used [0x00000007b7e00000,0x00000007b7e10000,0x00000007b7e80000)
  to   space 512K, 0% used [0x00000007b7e80000,0x00000007b7e80000,0x00000007b7f00000)
 ParOldGen       total 87552K, used 23103K [0x0000000790000000, 0x0000000795580000, 0x00000007b0000000)
  object space 87552K, 26% used [0x0000000790000000,0x000000079168fe80,0x0000000795580000)
 Metaspace       used 9531K, capacity 10118K, committed 10496K, reserved 1058816K
  class space    used 1426K, capacity 1457K, committed 1536K, reserved 1048576K
Event: 20900.556 GC heap after
Heap after GC invocations=504 (full 0):
 PSYoungGen      total 37888K, used 96K [0x00000007b0000000, 0x00000007b7f00000, 0x00000007c0000000)
  eden space 37376K, 0% used [0x00000007b0000000,0x00000007b0000000,0x00000007b2480000)
  from space 512K, 18% used [0x00000007b7e80000,0x00000007b7e98000,0x00000007b7f00000)
  to   space 512K, 0% used [0x00000007b7e00000,0x00000007b7e00000,0x00000007b7e80000)
 ParOldGen       total 87552K, used 23103K [0x0000000790000000, 0x0000000795580000, 0x00000007b0000000)
  object space 87552K, 26% used [0x0000000790000000,0x000000079168fe80,0x0000000795580000)
 Metaspace       used 9531K, capacity 10118K, committed 10496K, reserved 1058816K
  class space    used 1426K, capacity 1457K, committed 1536K, reserved 1048576K
}
Event: 20900.651 GC heap before
{Heap before GC invocations=505 (full 0):
 PSYoungGen      total 37888K, used 37472K [0x00000007b0000000, 0x00000007b7f00000, 0x00000007c0000000)
  eden space 37376K, 100% used [0x00000007b0000000,0x00000007b2480000,0x00000007b2480000)
  from space 512K, 18% used [0x00000007b7e80000,0x00000007b7e98000,0x00000007b7f00000)
  to   space 512K, 0% used [0x00000007b7e00000,0x00000007b7e00000,0x00000007b7e80000)
 ParOldGen       total 87552K, used 23103K [0x0000000790000000, 0x0000000795580000, 0x00000007b0000000)
  object space 87552K, 26% used [0x0000000790000000,0x000000079168fe80,0x0000000795580000)
 Metaspace       used 9531K, capacity 10118K, committed 10496K, reserved 1058816K
  class space    used 1426K, capacity 1457K, committed 1536K, reserved 1048576K
Event: 20900.659 GC heap after
Heap after GC invocations=505 (full 0):
 PSYoungGen      total 45568K, used 96K [0x00000007b0000000, 0x00000007b7f00000, 0x00000007c0000000)
  eden space 45056K, 0% used [0x00000007b0000000,0x00000007b0000000,0x00000007b2c00000)
  from space 512K, 18% used [0x00000007b7e00000,0x00000007b7e18000,0x00000007b7e80000)
  to   space 512K, 0% used [0x00000007b7e80000,0x00000007b7e80000,0x00000007b7f00000)
 ParOldGen       total 87552K, used 23103K [0x0000000790000000, 0x0000000795580000, 0x00000007b0000000)
  object space 87552K, 26% used [0x0000000790000000,0x000000079168fe80,0x0000000795580000)
 Metaspace       used 9531K, capacity 10118K, committed 10496K, reserved 1058816K
  class space    used 1426K, capacity 1457K, committed 1536K, reserved 1048576K
}
Event: 20911.953 GC heap before
{Heap before GC invocations=506 (full 0):
 PSYoungGen      total 45568K, used 45152K [0x00000007b0000000, 0x00000007b7f00000, 0x00000007c0000000)
  eden space 45056K, 100% used [0x00000007b0000000,0x00000007b2c00000,0x00000007b2c00000)
  from space 512K, 18% used [0x00000007b7e00000,0x00000007b7e18000,0x00000007b7e80000)
  to   space 512K, 0% used [0x00000007b7e80000,0x00000007b7e80000,0x00000007b7f00000)
 ParOldGen       total 87552K, used 23103K [0x0000000790000000, 0x0000000795580000, 0x00000007b0000000)
  object space 87552K, 26% used [0x0000000790000000,0x000000079168fe80,0x0000000795580000)
 Metaspace       used 9531K, capacity 10118K, committed 10496K, reserved 1058816K
  class space    used 1426K, capacity 1457K, committed 1536K, reserved 1048576K
Event: 20911.956 GC heap after
Heap after GC invocations=506 (full 0):
 PSYoungGen      total 54784K, used 32K [0x00000007b0000000, 0x00000007b7f00000, 0x00000007c0000000)
  eden space 54272K, 0% used [0x00000007b0000000,0x00000007b0000000,0x00000007b3500000)
  from space 512K, 6% used [0x00000007b7e80000,0x00000007b7e88000,0x00000007b7f00000)
  to   space 512K, 0% used [0x00000007b7e00000,0x00000007b7e00000,0x00000007b7e80000)
 ParOldGen       total 87552K, used 23103K [0x0000000790000000, 0x0000000795580000, 0x00000007b0000000)
  object space 87552K, 26% used [0x0000000790000000,0x000000079168fe80,0x0000000795580000)
 Metaspace       used 9531K, capacity 10118K, committed 10496K, reserved 1058816K
  class space    used 1426K, capacity 1457K, committed 1536K, reserved 1048576K
}
Event: 20912.082 GC heap before
{Heap before GC invocations=507 (full 0):
 PSYoungGen      total 54784K, used 54304K [0x00000007b0000000, 0x00000007b7f00000, 0x00000007c0000000)
  eden space 54272K, 100% used [0x00000007b0000000,0x00000007b3500000,0x00000007b3500000)
  from space 512K, 6% used [0x00000007b7e80000,0x00000007b7e88000,0x00000007b7f00000)
  to   space 512K, 0% used [0x00000007b7e00000,0x00000007b7e00000,0x00000007b7e80000)
 ParOldGen       total 87552K, used 23103K [0x0000000790000000, 0x0000000795580000, 0x00000007b0000000)
  object space 87552K, 26% used [0x0000000790000000,0x000000079168fe80,0x0000000795580000)
 Metaspace       used 9531K, capacity 10118K, committed 10496K, reserved 1058816K
  class space    used 1426K, capacity 1457K, committed 1536K, reserved 1048576K
Event: 20912.083 GC heap after
Heap after GC invocations=507 (full 0):
 PSYoungGen      total 66048K, used 96K [0x00000007b0000000, 0x00000007b7f00000, 0x00000007c0000000)
  eden space 65536K, 0% used [0x00000007b0000000,0x00000007b0000000,0x00000007b4000000)
  from space 512K, 18% used [0x00000007b7e00000,0x00000007b7e18000,0x00000007b7e80000)
  to   space 512K, 0% used [0x00000007b7e80000,0x00000007b7e80000,0x00000007b7f00000)
 ParOldGen       total 87552K, used 23103K [0x0000000790000000, 0x0000000795580000, 0x00000007b0000000)
  object space 87552K, 26% used [0x0000000790000000,0x000000079168fe80,0x0000000795580000)
 Metaspace       used 9531K, capacity 10118K, committed 10496K, reserved 1058816K
  class space    used 1426K, capacity 1457K, committed 1536K, reserved 1048576K
}
Event: 21029.708 GC heap before
{Heap before GC invocations=508 (full 0):
 PSYoungGen      total 66048K, used 65632K [0x00000007b0000000, 0x00000007b7f00000, 0x00000007c0000000)
  eden space 65536K, 100% used [0x00000007b0000000,0x00000007b4000000,0x00000007b4000000)
  from space 512K, 18% used [0x00000007b7e00000,0x00000007b7e18000,0x00000007b7e80000)
  to   space 512K, 0% used [0x00000007b7e80000,0x00000007b7e80000,0x00000007b7f00000)
 ParOldGen       total 87552K, used 23103K [0x0000000790000000, 0x0000000795580000, 0x00000007b0000000)
  object space 87552K, 26% used [0x0000000790000000,0x000000079168fe80,0x0000000795580000)
 Metaspace       used 9531K, capacity 10118K, committed 10496K, reserved 1058816K
  class space    used 1426K, capacity 1457K, committed 1536K, reserved 1048576K
Event: 21029.709 GC heap after
Heap after GC invocations=508 (full 0):
 PSYoungGen      total 79360K, used 64K [0x00000007b0000000, 0x00000007b7f00000, 0x00000007c0000000)
  eden space 78848K, 0% used [0x00000007b0000000,0x00000007b0000000,0x00000007b4d00000)
  from space 512K, 12% used [0x00000007b7e80000,0x00000007b7e90000,0x00000007b7f00000)
  to   space 512K, 0% used [0x00000007b7e00000,0x00000007b7e00000,0x00000007b7e80000)
 ParOldGen       total 87552K, used 23103K [0x0000000790000000, 0x0000000795580000, 0x00000007b0000000)
  object space 87552K, 26% used [0x0000000790000000,0x000000079168fe80,0x0000000795580000)
 Metaspace       used 9531K, capacity 10118K, committed 10496K, reserved 1058816K
  class space    used 1426K, capacity 1457K, committed 1536K, reserved 1048576K
}

